<?xml version="1.0" encoding="UTF-8"?>
<coverage generated="1768937054980" clover="3.2.0">
  <project timestamp="1768937054981" name="All files">
    <metrics statements="28" coveredstatements="21" conditionals="4" coveredconditionals="1" methods="13" coveredmethods="5" elements="45" coveredelements="27" complexity="0" loc="28" ncloc="28" packages="2" files="7" classes="7"/>
    <package name="components">
      <metrics statements="10" coveredstatements="8" conditionals="4" coveredconditionals="1" methods="5" coveredmethods="3"/>
      <file name="Contact.tsx" path="C:\Food_Delivery_App\src\components\Contact.tsx">
        <metrics statements="2" coveredstatements="2" conditionals="0" coveredconditionals="0" methods="1" coveredmethods="1"/>
        <line num="1" count="1" type="stmt"/>
        <line num="2" count="4" type="stmt"/>
      </file>
      <file name="Header.tsx" path="C:\Food_Delivery_App\src\components\Header.tsx">
        <metrics statements="8" coveredstatements="6" conditionals="4" coveredconditionals="1" methods="4" coveredmethods="2"/>
        <line num="9" count="1" type="stmt"/>
        <line num="10" count="3" type="stmt"/>
        <line num="11" count="3" type="stmt"/>
        <line num="12" count="3" type="stmt"/>
        <line num="15" count="6" type="stmt"/>
        <line num="17" count="3" type="stmt"/>
        <line num="46" count="0" type="stmt"/>
        <line num="47" count="0" type="cond" truecount="0" falsecount="2"/>
      </file>
    </package>
    <package name="utils">
      <metrics statements="18" coveredstatements="13" conditionals="0" coveredconditionals="0" methods="8" coveredmethods="2"/>
      <file name="UserContext.tsx" path="C:\Food_Delivery_App\src\utils\UserContext.tsx">
        <metrics statements="1" coveredstatements="1" conditionals="0" coveredconditionals="0" methods="0" coveredmethods="0"/>
        <line num="3" count="1" type="stmt"/>
      </file>
      <file name="appStore.tsx" path="C:\Food_Delivery_App\src\utils\appStore.tsx">
        <metrics statements="1" coveredstatements="1" conditionals="0" coveredconditionals="0" methods="0" coveredmethods="0"/>
        <line num="4" count="1" type="stmt"/>
      </file>
      <file name="cartSlice.ts" path="C:\Food_Delivery_App\src\utils\cartSlice.ts">
        <metrics statements="5" coveredstatements="2" conditionals="0" coveredconditionals="0" methods="4" coveredmethods="0"/>
        <line num="3" count="1" type="stmt"/>
        <line num="10" count="0" type="stmt"/>
        <line num="13" count="0" type="stmt"/>
        <line num="16" count="0" type="stmt"/>
        <line num="20" count="1" type="stmt"/>
      </file>
      <file name="constants.ts" path="C:\Food_Delivery_App\src\utils\constants.ts">
        <metrics statements="3" coveredstatements="3" conditionals="0" coveredconditionals="0" methods="0" coveredmethods="0"/>
        <line num="2" count="1" type="stmt"/>
        <line num="4" count="1" type="stmt"/>
        <line num="8" count="1" type="stmt"/>
      </file>
      <file name="useOnlineStatus.ts" path="C:\Food_Delivery_App\src\utils\useOnlineStatus.ts">
        <metrics statements="8" coveredstatements="6" conditionals="0" coveredconditionals="0" methods="4" coveredmethods="2"/>
        <line num="3" count="1" type="stmt"/>
        <line num="4" count="3" type="stmt"/>
        <line num="6" count="3" type="stmt"/>
        <line num="7" count="3" type="stmt"/>
        <line num="8" count="0" type="stmt"/>
        <line num="11" count="3" type="stmt"/>
        <line num="12" count="0" type="stmt"/>
        <line num="16" count="3" type="stmt"/>
      </file>
    </package>
  </project>
</coverage>
